<?xml version="1.0" encoding="UTF-8"?>
<!-- Generated by org.testng.reporters.JUnitXMLReporter -->
<testsuite ignored="0" hostname="IN-C5KRXM3" failures="0" tests="3" name="Default test" time="172.757" errors="0" timestamp="12 Nov 2022 18:06:23 GMT">
  <testcase classname="cucumber.api.testng.AbstractTestNGCucumberTests" name="feature" time="62.479"/>
  <testcase classname="cucumber.api.testng.AbstractTestNGCucumberTests" name="feature" time="56.292"/>
  <testcase classname="cucumber.api.testng.AbstractTestNGCucumberTests" name="feature" time="53.707"/>
</testsuite> <!-- Default test -->
